# JRE version: OpenJDK Runtime Environment (8.0_152-b01) (build 1.8.0_152-release-1343-b01)
# Java VM: OpenJDK 64-Bit Server VM (25.152-b01 mixed mode windows-amd64 compressed oops)
Heap:
 PSYoungGen      total 71168K, used 13869K [0x00000000eab00000, 0x00000000efa00000, 0x0000000100000000)
  eden space 62976K, 19% used [0x00000000eab00000,0x00000000eb723780,0x00000000ee880000)
  from space 8192K, 17% used [0x00000000ef100000,0x00000000ef267ff0,0x00000000ef900000)
  to   space 8704K, 0% used [0x00000000ee880000,0x00000000ee880000,0x00000000ef100000)
 ParOldGen       total 31744K, used 13093K [0x00000000c0000000, 0x00000000c1f00000, 0x00000000eab00000)
  object space 31744K, 41% used [0x00000000c0000000,0x00000000c0cc9770,0x00000000c1f00000)
 Metaspace       used 27047K, capacity 27580K, committed 27776K, reserved 1073152K
  class space    used 3547K, capacity 3691K, committed 3712K, reserved 1048576K
GC Heap History (10 events):
Event: 28.880 GC heap before
{Heap before GC invocations=9 (full 1):
 PSYoungGen      total 71680K, used 68665K [0x00000000eab00000, 0x00000000efa00000, 0x0000000100000000)
  eden space 62976K, 100% used [0x00000000eab00000,0x00000000ee880000,0x00000000ee880000)
  from space 8704K, 65% used [0x00000000ee880000,0x00000000eee0e5f0,0x00000000ef100000)
  to   space 8192K, 0% used [0x00000000ef100000,0x00000000ef100000,0x00000000ef900000)
 ParOldGen       total 31744K, used 8949K [0x00000000c0000000, 0x00000000c1f00000, 0x00000000eab00000)
  object space 31744K, 28% used [0x00000000c0000000,0x00000000c08bd670,0x00000000c1f00000)
 Metaspace       used 25002K, capacity 25428K, committed 25728K, reserved 1071104K
  class space    used 3262K, capacity 3389K, committed 3456K, reserved 1048576K
Event: 28.888 GC heap after
Heap after GC invocations=9 (full 1):
 PSYoungGen      total 71168K, used 4208K [0x00000000eab00000, 0x00000000efa00000, 0x0000000100000000)
  eden space 62976K, 0% used [0x00000000eab00000,0x00000000eab00000,0x00000000ee880000)
  from space 8192K, 51% used [0x00000000ef100000,0x00000000ef51c030,0x00000000ef900000)
  to   space 8704K, 0% used [0x00000000ee880000,0x00000000ee880000,0x00000000ef100000)
 ParOldGen       total 31744K, used 8949K [0x00000000c0000000, 0x00000000c1f00000, 0x00000000eab00000)
  object space 31744K, 28% used [0x00000000c0000000,0x00000000c08bd670,0x00000000c1f00000)
 Metaspace       used 25002K, capacity 25428K, committed 25728K, reserved 1071104K
  class space    used 3262K, capacity 3389K, committed 3456K, reserved 1048576K
}
Event: 30.647 GC heap before
{Heap before GC invocations=10 (full 1):
 PSYoungGen      total 71168K, used 67184K [0x00000000eab00000, 0x00000000efa00000, 0x0000000100000000)
  eden space 62976K, 100% used [0x00000000eab00000,0x00000000ee880000,0x00000000ee880000)
  from space 8192K, 51% used [0x00000000ef100000,0x00000000ef51c030,0x00000000ef900000)
  to   space 8704K, 0% used [0x00000000ee880000,0x00000000ee880000,0x00000000ef100000)
 ParOldGen       total 31744K, used 8949K [0x00000000c0000000, 0x00000000c1f00000, 0x00000000eab00000)
  object space 31744K, 28% used [0x00000000c0000000,0x00000000c08bd670,0x00000000c1f00000)
 Metaspace       used 25402K, capacity 25844K, committed 25984K, reserved 1071104K
  class space    used 3292K, capacity 3440K, committed 3456K, reserved 1048576K
Event: 30.657 GC heap after
Heap after GC invocations=10 (full 1):
 PSYoungGen      total 71680K, used 2928K [0x00000000eab00000, 0x00000000efa00000, 0x0000000100000000)
  eden space 62976K, 0% used [0x00000000eab00000,0x00000000eab00000,0x00000000ee880000)
  from space 8704K, 33% used [0x00000000ee880000,0x00000000eeb5c040,0x00000000ef100000)
  to   space 8192K, 0% used [0x00000000ef100000,0x00000000ef100000,0x00000000ef900000)
 ParOldGen       total 31744K, used 8957K [0x00000000c0000000, 0x00000000c1f00000, 0x00000000eab00000)
  object space 31744K, 28% used [0x00000000c0000000,0x00000000c08bf670,0x00000000c1f00000)
 Metaspace       used 25402K, capacity 25844K, committed 25984K, reserved 1071104K
  class space    used 3292K, capacity 3440K, committed 3456K, reserved 1048576K
}
Event: 30.839 GC heap before
{Heap before GC invocations=11 (full 1):
 PSYoungGen      total 71680K, used 65904K [0x00000000eab00000, 0x00000000efa00000, 0x0000000100000000)
  eden space 62976K, 100% used [0x00000000eab00000,0x00000000ee880000,0x00000000ee880000)
  from space 8704K, 33% used [0x00000000ee880000,0x00000000eeb5c040,0x00000000ef100000)
  to   space 8192K, 0% used [0x00000000ef100000,0x00000000ef100000,0x00000000ef900000)
 ParOldGen       total 31744K, used 8957K [0x00000000c0000000, 0x00000000c1f00000, 0x00000000eab00000)
  object space 31744K, 28% used [0x00000000c0000000,0x00000000c08bf670,0x00000000c1f00000)
 Metaspace       used 25420K, capacity 25844K, committed 25984K, reserved 1071104K
  class space    used 3292K, capacity 3440K, committed 3456K, reserved 1048576K
Event: 30.847 GC heap after
Heap after GC invocations=11 (full 1):
 PSYoungGen      total 71168K, used 2384K [0x00000000eab00000, 0x00000000efa00000, 0x0000000100000000)
  eden space 62976K, 0% used [0x00000000eab00000,0x00000000eab00000,0x00000000ee880000)
  from space 8192K, 29% used [0x00000000ef100000,0x00000000ef354020,0x00000000ef900000)
  to   space 8704K, 0% used [0x00000000ee880000,0x00000000ee880000,0x00000000ef100000)
 ParOldGen       total 31744K, used 10705K [0x00000000c0000000, 0x00000000c1f00000, 0x00000000eab00000)
  object space 31744K, 33% used [0x00000000c0000000,0x00000000c0a74710,0x00000000c1f00000)
 Metaspace       used 25420K, capacity 25844K, committed 25984K, reserved 1071104K
  class space    used 3292K, capacity 3440K, committed 3456K, reserved 1048576K
}
Event: 30.921 GC heap before
{Heap before GC invocations=12 (full 1):
 PSYoungGen      total 71168K, used 65360K [0x00000000eab00000, 0x00000000efa00000, 0x0000000100000000)
  eden space 62976K, 100% used [0x00000000eab00000,0x00000000ee880000,0x00000000ee880000)
  from space 8192K, 29% used [0x00000000ef100000,0x00000000ef354020,0x00000000ef900000)
  to   space 8704K, 0% used [0x00000000ee880000,0x00000000ee880000,0x00000000ef100000)
 ParOldGen       total 31744K, used 10705K [0x00000000c0000000, 0x00000000c1f00000, 0x00000000eab00000)
  object space 31744K, 33% used [0x00000000c0000000,0x00000000c0a74710,0x00000000c1f00000)
 Metaspace       used 25427K, capacity 25854K, committed 25984K, reserved 1071104K
  class space    used 3293K, capacity 3442K, committed 3456K, reserved 1048576K
Event: 30.926 GC heap after
Heap after GC invocations=12 (full 1):
 PSYoungGen      total 71680K, used 96K [0x00000000eab00000, 0x00000000efa00000, 0x0000000100000000)
  eden space 62976K, 0% used [0x00000000eab00000,0x00000000eab00000,0x00000000ee880000)
  from space 8704K, 1% used [0x00000000ee880000,0x00000000ee898000,0x00000000ef100000)
  to   space 8192K, 0% used [0x00000000ef100000,0x00000000ef100000,0x00000000ef900000)
 ParOldGen       total 31744K, used 13069K [0x00000000c0000000, 0x00000000c1f00000, 0x00000000eab00000)
  object space 31744K, 41% used [0x00000000c0000000,0x00000000c0cc3770,0x00000000c1f00000)
 Metaspace       used 25427K, capacity 25854K, committed 25984K, reserved 1071104K
  class space    used 3293K, capacity 3442K, committed 3456K, reserved 1048576K
}
Event: 31.703 GC heap before
{Heap before GC invocations=13 (full 1):
 PSYoungGen      total 71680K, used 63072K [0x00000000eab00000, 0x00000000efa00000, 0x0000000100000000)
  eden space 62976K, 100% used [0x00000000eab00000,0x00000000ee880000,0x00000000ee880000)
  from space 8704K, 1% used [0x00000000ee880000,0x00000000ee898000,0x00000000ef100000)
  to   space 8192K, 0% used [0x00000000ef100000,0x00000000ef100000,0x00000000ef900000)
 ParOldGen       total 31744K, used 13069K [0x00000000c0000000, 0x00000000c1f00000, 0x00000000eab00000)
  object space 31744K, 41% used [0x00000000c0000000,0x00000000c0cc3770,0x00000000c1f00000)
 Metaspace       used 25968K, capacity 26460K, committed 26624K, reserved 1073152K
  class space    used 3362K, capacity 3531K, committed 3584K, reserved 1048576K
Event: 31.706 GC heap after
Heap after GC invocations=13 (full 1):
 PSYoungGen      total 71168K, used 1439K [0x00000000eab00000, 0x00000000efa00000, 0x0000000100000000)
  eden space 62976K, 0% used [0x00000000eab00000,0x00000000eab00000,0x00000000ee880000)
  from space 8192K, 17% used [0x00000000ef100000,0x00000000ef267ff0,0x00000000ef900000)
  to   space 8704K, 0% used [0x00000000ee880000,0x00000000ee880000,0x00000000ef100000)
 ParOldGen       total 31744K, used 13093K [0x00000000c0000000, 0x00000000c1f00000, 0x00000000eab00000)
  object space 31744K, 41% used [0x00000000c0000000,0x00000000c0cc9770,0x00000000c1f00000)
 Metaspace       used 25968K, capacity 26460K, committed 26624K, reserved 1073152K
  class space    used 3362K, capacity 3531K, committed 3584K, reserved 1048576K
}

